MATLAB is selecting SOFTWARE OPENGL rendering.

                            < M A T L A B (R) >
                  Copyright 1984-2022 The MathWorks, Inc.
                  R2022b (9.13.0.2049777) 64-bit (glnxa64)
                              August 24, 2022

 
To get started, type doc.
For product information, visit www.mathworks.com.
 
Number of jobs (multiplexed): 2
Starting parallel pool (parpool) using the 'Processes' profile ...
Connected to the parallel pool (number of workers: 12).
Job number 9 of 512 done! Time = 19.8307 s
Job number 12 of 512 done! Time = 19.8093 s
Job number 18 of 512 done! Time = 19.8153 s
Job number 30 of 512 done! Time = 19.8159 s
Job number 36 of 512 done! Time = 19.7876 s
Job number 6 of 512 done! Time = 20.8493 s
Job number 21 of 512 done! Time = 20.8304 s
Job number 33 of 512 done! Time = 20.8382 s
Job number 3 of 512 done! Time = 20.9031 s
Job number 15 of 512 done! Time = 20.9316 s
Job number 24 of 512 done! Time = 20.9806 s
Job number 27 of 512 done! Time = 20.8766 s
Job number 8 of 512 done! Time = 12.7012 s
Job number 11 of 512 done! Time = 12.6582 s
Job number 17 of 512 done! Time = 12.7977 s
Job number 29 of 512 done! Time = 12.8181 s
Job number 35 of 512 done! Time = 12.8446 s
Job number 2 of 512 done! Time = 13.8893 s
Job number 5 of 512 done! Time = 13.6014 s
Job number 20 of 512 done! Time = 13.7715 s
Job number 23 of 512 done! Time = 13.8413 s
Job number 26 of 512 done! Time = 13.7065 s
Job number 32 of 512 done! Time = 13.9102 s
Job number 14 of 512 done! Time = 14.1596 s
Job number 7 of 512 done! Time = 12.7409 s
Job number 10 of 512 done! Time = 12.6302 s
Job number 16 of 512 done! Time = 12.7857 s
Job number 28 of 512 done! Time = 12.7831 s
Job number 34 of 512 done! Time = 12.8464 s
Job number 4 of 512 done! Time = 13.8278 s
Job number 31 of 512 done! Time = 13.5051 s
Job number 1 of 512 done! Time = 14.0662 s
Job number 19 of 512 done! Time = 13.7672 s
Job number 22 of 512 done! Time = 13.8983 s
Job number 25 of 512 done! Time = 13.83 s
Job number 13 of 512 done! Time = 14.1983 s
Job number 96 of 512 done! Time = 12.5819 s
Job number 116 of 512 done! Time = 12.4367 s
Job number 156 of 512 done! Time = 12.5767 s
Job number 236 of 512 done! Time = 12.6314 s
Job number 276 of 512 done! Time = 12.6493 s
Job number 76 of 512 done! Time = 13.5542 s
Job number 176 of 512 done! Time = 13.4115 s
Job number 196 of 512 done! Time = 13.4562 s
Job number 216 of 512 done! Time = 13.4273 s
Job number 256 of 512 done! Time = 13.3338 s
Job number 56 of 512 done! Time = 13.6177 s
Job number 136 of 512 done! Time = 13.6883 s
Job number 115 of 512 done! Time = 12.6101 s
Job number 95 of 512 done! Time = 12.7377 s
Job number 155 of 512 done! Time = 12.7235 s
Job number 235 of 512 done! Time = 12.775 s
Job number 275 of 512 done! Time = 12.8454 s
Job number 175 of 512 done! Time = 13.4186 s
Job number 215 of 512 done! Time = 13.3515 s
Job number 255 of 512 done! Time = 13.635 s
Job number 55 of 512 done! Time = 13.5597 s
Job number 75 of 512 done! Time = 13.6595 s
Job number 195 of 512 done! Time = 13.4435 s
Job number 135 of 512 done! Time = 13.7867 s
Job number 94 of 512 done! Time = 12.5671 s
Job number 114 of 512 done! Time = 12.3477 s
Job number 154 of 512 done! Time = 12.5862 s
Job number 234 of 512 done! Time = 12.5739 s
Job number 274 of 512 done! Time = 12.5359 s
Job number 74 of 512 done! Time = 13.3581 s
Job number 174 of 512 done! Time = 13.7024 s
Job number 194 of 512 done! Time = 13.343 s
Job number 214 of 512 done! Time = 13.2532 s
Job number 254 of 512 done! Time = 13.3665 s
Job number 54 of 512 done! Time = 13.5611 s
Job number 134 of 512 done! Time = 14.0509 s
Job number 113 of 512 done! Time = 12.3652 s
Job number 93 of 512 done! Time = 12.4692 s
Job number 153 of 512 done! Time = 12.5124 s
Job number 233 of 512 done! Time = 12.528 s
Job number 273 of 512 done! Time = 12.6018 s
Job number 213 of 512 done! Time = 13.2696 s
Job number 253 of 512 done! Time = 13.4831 s
Job number 53 of 512 done! Time = 13.5014 s
Job number 73 of 512 done! Time = 13.4738 s
Job number 173 of 512 done! Time = 13.5147 s
Job number 193 of 512 done! Time = 13.3996 s
Job number 133 of 512 done! Time = 13.5005 s
Job number 112 of 512 done! Time = 12.3805 s
Job number 92 of 512 done! Time = 12.4485 s
Job number 152 of 512 done! Time = 12.4517 s
Job number 232 of 512 done! Time = 12.5303 s
Job number 272 of 512 done! Time = 12.5746 s
Job number 212 of 512 done! Time = 13.2093 s
Job number 72 of 512 done! Time = 13.451 s
Job number 172 of 512 done! Time = 13.4327 s
Job number 192 of 512 done! Time = 13.2898 s
Job number 252 of 512 done! Time = 13.434 s
Job number 52 of 512 done! Time = 13.4956 s
Job number 132 of 512 done! Time = 13.38 s
Job number 111 of 512 done! Time = 12.3643 s
Job number 91 of 512 done! Time = 12.4806 s
Job number 151 of 512 done! Time = 12.4987 s
Job number 231 of 512 done! Time = 12.529 s
Job number 271 of 512 done! Time = 12.5171 s
Job number 211 of 512 done! Time = 13.2601 s
Job number 71 of 512 done! Time = 13.443 s
Job number 171 of 512 done! Time = 13.4068 s
Job number 191 of 512 done! Time = 13.2311 s
Job number 251 of 512 done! Time = 13.4465 s
Job number 51 of 512 done! Time = 13.4714 s
Job number 131 of 512 done! Time = 13.4485 s
Job number 110 of 512 done! Time = 12.3291 s
Job number 90 of 512 done! Time = 12.4405 s
Job number 150 of 512 done! Time = 12.4282 s
Job number 230 of 512 done! Time = 12.4894 s
Job number 270 of 512 done! Time = 12.535 s
Job number 190 of 512 done! Time = 13.2903 s
Job number 210 of 512 done! Time = 13.3716 s
Job number 70 of 512 done! Time = 13.4349 s
Job number 170 of 512 done! Time = 13.3999 s
Job number 250 of 512 done! Time = 13.3535 s
Job number 50 of 512 done! Time = 13.3552 s
Job number 109 of 512 done! Time = 12.3391 s
Job number 130 of 512 done! Time = 13.3894 s
Job number 89 of 512 done! Time = 12.4763 s
Job number 149 of 512 done! Time = 12.46 s
Job number 229 of 512 done! Time = 12.4441 s
Job number 269 of 512 done! Time = 12.543 s
Job number 209 of 512 done! Time = 13.3749 s
Job number 69 of 512 done! Time = 13.3604 s
Job number 169 of 512 done! Time = 13.3603 s
Job number 189 of 512 done! Time = 13.2685 s
Job number 249 of 512 done! Time = 13.3246 s
Job number 49 of 512 done! Time = 13.4126 s
Job number 108 of 512 done! Time = 12.3709 s
Job number 88 of 512 done! Time = 12.4849 s
Job number 129 of 512 done! Time = 13.4743 s
Job number 148 of 512 done! Time = 12.4249 s
Job number 228 of 512 done! Time = 12.5086 s
Job number 268 of 512 done! Time = 12.5306 s
Job number 208 of 512 done! Time = 13.3046 s
Job number 107 of 512 done! Time = 12.3475 s
Job number 188 of 512 done! Time = 13.2346 s
Job number 248 of 512 done! Time = 13.3047 s
Job number 48 of 512 done! Time = 13.3575 s
Job number 68 of 512 done! Time = 13.3424 s
Job number 168 of 512 done! Time = 13.4302 s
Job number 87 of 512 done! Time = 12.4889 s
Job number 147 of 512 done! Time = 12.3942 s
Job number 227 of 512 done! Time = 12.4983 s
Job number 267 of 512 done! Time = 12.4601 s
Job number 128 of 512 done! Time = 13.5993 s
Job number 106 of 512 done! Time = 12.3392 s
Job number 187 of 512 done! Time = 13.1922 s
Job number 207 of 512 done! Time = 13.3002 s
Job number 247 of 512 done! Time = 13.3535 s
Job number 67 of 512 done! Time = 13.7261 s
Job number 86 of 512 done! Time = 12.471 s
Job number 146 of 512 done! Time = 12.4677 s
Job number 167 of 512 done! Time = 13.4286 s
Job number 226 of 512 done! Time = 12.3918 s
Job number 47 of 512 done! Time = 13.3718 s
Job number 266 of 512 done! Time = 12.5187 s
Job number 127 of 512 done! Time = 13.6729 s
Job number 105 of 512 done! Time = 12.3535 s
Job number 85 of 512 done! Time = 12.3994 s
Job number 145 of 512 done! Time = 12.4514 s
Job number 186 of 512 done! Time = 13.2227 s
Job number 206 of 512 done! Time = 13.2912 s
Job number 166 of 512 done! Time = 13.393 s
Job number 225 of 512 done! Time = 12.3996 s
Job number 246 of 512 done! Time = 13.2263 s
Job number 265 of 512 done! Time = 12.5127 s
Job number 46 of 512 done! Time = 13.4351 s
Job number 66 of 512 done! Time = 13.4515 s
Job number 126 of 512 done! Time = 13.6048 s
Job number 104 of 512 done! Time = 12.3614 s
Job number 84 of 512 done! Time = 12.5479 s
Job number 144 of 512 done! Time = 12.4573 s
Job number 185 of 512 done! Time = 13.2686 s
Job number 205 of 512 done! Time = 13.3429 s
Job number 224 of 512 done! Time = 12.3854 s
Job number 245 of 512 done! Time = 13.2887 s
Job number 264 of 512 done! Time = 12.4608 s
Job number 65 of 512 done! Time = 13.4231 s
Job number 165 of 512 done! Time = 13.3524 s
Job number 45 of 512 done! Time = 13.4851 s
Job number 125 of 512 done! Time = 13.5532 s
Job number 103 of 512 done! Time = 12.3884 s
Job number 83 of 512 done! Time = 12.5001 s
Job number 143 of 512 done! Time = 12.4329 s
Job number 223 of 512 done! Time = 12.4164 s
Job number 263 of 512 done! Time = 12.5156 s
Job number 184 of 512 done! Time = 13.309 s
Job number 204 of 512 done! Time = 13.3616 s
Job number 244 of 512 done! Time = 13.2786 s
Job number 64 of 512 done! Time = 13.3485 s
Job number 164 of 512 done! Time = 13.3139 s
Job number 44 of 512 done! Time = 13.263 s
Job number 124 of 512 done! Time = 13.4236 s
Job number 102 of 512 done! Time = 12.37 s
Job number 82 of 512 done! Time = 12.5248 s
Job number 142 of 512 done! Time = 12.4232 s
Job number 222 of 512 done! Time = 12.5111 s
Job number 262 of 512 done! Time = 12.4836 s
Job number 183 of 512 done! Time = 13.2147 s
Job number 203 of 512 done! Time = 13.3554 s
Job number 163 of 512 done! Time = 13.3535 s
Job number 243 of 512 done! Time = 13.4014 s
Job number 43 of 512 done! Time = 13.2947 s
Job number 63 of 512 done! Time = 13.425 s
Job number 123 of 512 done! Time = 13.447 s
Job number 101 of 512 done! Time = 12.4019 s
Job number 81 of 512 done! Time = 12.5007 s
Job number 141 of 512 done! Time = 12.3933 s
Job number 221 of 512 done! Time = 12.4965 s
Job number 261 of 512 done! Time = 12.4967 s
Job number 182 of 512 done! Time = 13.1728 s
Job number 202 of 512 done! Time = 13.3387 s
Job number 242 of 512 done! Time = 13.4765 s
Job number 62 of 512 done! Time = 13.2506 s
Job number 162 of 512 done! Time = 13.1171 s
Job number 42 of 512 done! Time = 13.3105 s
Job number 122 of 512 done! Time = 13.4557 s
Job number 100 of 512 done! Time = 12.4132 s
Job number 80 of 512 done! Time = 12.5349 s
Job number 140 of 512 done! Time = 12.5201 s
Job number 220 of 512 done! Time = 12.5383 s
Job number 260 of 512 done! Time = 12.6261 s
Job number 181 of 512 done! Time = 13.1371 s
Job number 201 of 512 done! Time = 13.2278 s
Job number 241 of 512 done! Time = 13.2746 s
Job number 61 of 512 done! Time = 13.2893 s
Job number 161 of 512 done! Time = 13.2396 s
Job number 41 of 512 done! Time = 13.2759 s
Job number 121 of 512 done! Time = 13.5466 s
Job number 99 of 512 done! Time = 12.3588 s
Job number 139 of 512 done! Time = 12.5582 s
Job number 79 of 512 done! Time = 12.5719 s
Job number 219 of 512 done! Time = 12.6065 s
Job number 259 of 512 done! Time = 12.6416 s
Job number 180 of 512 done! Time = 13.1773 s
Job number 200 of 512 done! Time = 13.1483 s
Job number 160 of 512 done! Time = 13.2227 s
Job number 240 of 512 done! Time = 13.1683 s
Job number 40 of 512 done! Time = 13.2235 s
Job number 60 of 512 done! Time = 13.3594 s
Job number 120 of 512 done! Time = 12.8115 s
Job number 98 of 512 done! Time = 12.4959 s
Job number 78 of 512 done! Time = 12.6796 s
Job number 138 of 512 done! Time = 12.6606 s
Job number 218 of 512 done! Time = 12.6729 s
Job number 258 of 512 done! Time = 12.6132 s
Job number 179 of 512 done! Time = 13.136 s
Job number 199 of 512 done! Time = 13.2647 s
Job number 159 of 512 done! Time = 13.2071 s
Job number 239 of 512 done! Time = 13.1213 s
Job number 39 of 512 done! Time = 13.257 s
Job number 59 of 512 done! Time = 13.3085 s
Job number 119 of 512 done! Time = 12.6766 s
Job number 97 of 512 done! Time = 12.5805 s
Job number 77 of 512 done! Time = 12.6281 s
Job number 137 of 512 done! Time = 12.5485 s
Job number 217 of 512 done! Time = 12.5866 s
Job number 257 of 512 done! Time = 12.6559 s
Job number 178 of 512 done! Time = 13.1245 s
Job number 198 of 512 done! Time = 13.1825 s
Job number 158 of 512 done! Time = 13.2023 s
Job number 238 of 512 done! Time = 13.2498 s
Job number 38 of 512 done! Time = 13.3097 s
Job number 58 of 512 done! Time = 13.3185 s
Job number 286 of 512 done! Time = 12.4112 s
Job number 118 of 512 done! Time = 13.9107 s
Job number 306 of 512 done! Time = 12.4191 s
Job number 296 of 512 done! Time = 12.4575 s
Job number 316 of 512 done! Time = 12.5074 s
Job number 326 of 512 done! Time = 12.5163 s
Job number 177 of 512 done! Time = 13.152 s
Job number 197 of 512 done! Time = 13.4584 s
Job number 237 of 512 done! Time = 13.3104 s
Job number 157 of 512 done! Time = 13.2062 s
Job number 37 of 512 done! Time = 13.1963 s
Job number 57 of 512 done! Time = 13.3986 s
Job number 285 of 512 done! Time = 12.4887 s
Job number 117 of 512 done! Time = 12.842 s
Job number 305 of 512 done! Time = 12.5255 s
Job number 295 of 512 done! Time = 12.5687 s
Job number 315 of 512 done! Time = 12.5964 s
Job number 325 of 512 done! Time = 12.6411 s
Job number 376 of 512 done! Time = 13.367 s
Job number 366 of 512 done! Time = 13.014 s
Job number 356 of 512 done! Time = 13.1735 s
Job number 346 of 512 done! Time = 13.5505 s
Job number 386 of 512 done! Time = 13.2247 s
Job number 336 of 512 done! Time = 13.3871 s
Job number 284 of 512 done! Time = 12.4747 s
Job number 396 of 512 done! Time = 12.853 s
Job number 294 of 512 done! Time = 12.5866 s
Job number 304 of 512 done! Time = 12.5459 s
Job number 314 of 512 done! Time = 12.6044 s
Job number 324 of 512 done! Time = 12.613 s
Job number 375 of 512 done! Time = 13.1366 s
Job number 365 of 512 done! Time = 13.1846 s
Job number 355 of 512 done! Time = 13.2469 s
Job number 345 of 512 done! Time = 13.2289 s
Job number 385 of 512 done! Time = 13.2211 s
Job number 335 of 512 done! Time = 13.2778 s
Job number 283 of 512 done! Time = 12.4886 s
Job number 395 of 512 done! Time = 12.6594 s
Job number 303 of 512 done! Time = 12.5314 s
Job number 293 of 512 done! Time = 12.5518 s
Job number 313 of 512 done! Time = 12.6233 s
Job number 323 of 512 done! Time = 12.6049 s
Job number 374 of 512 done! Time = 13.1371 s
Job number 364 of 512 done! Time = 13.1173 s
Job number 282 of 512 done! Time = 12.4626 s
Job number 354 of 512 done! Time = 13.4637 s
Job number 344 of 512 done! Time = 13.1687 s
Job number 384 of 512 done! Time = 13.1094 s
Job number 334 of 512 done! Time = 13.2117 s
Job number 394 of 512 done! Time = 12.7012 s
Job number 292 of 512 done! Time = 12.5464 s
Job number 302 of 512 done! Time = 12.5234 s
Job number 312 of 512 done! Time = 12.6158 s
Job number 322 of 512 done! Time = 12.5837 s
Job number 373 of 512 done! Time = 13.0883 s
Job number 363 of 512 done! Time = 13.1314 s
Job number 281 of 512 done! Time = 12.4982 s
Job number 353 of 512 done! Time = 13.1359 s
Job number 343 of 512 done! Time = 13.1011 s
Job number 383 of 512 done! Time = 13.3904 s
Job number 333 of 512 done! Time = 13.2646 s
Job number 393 of 512 done! Time = 12.7355 s
Job number 301 of 512 done! Time = 12.5217 s
Job number 291 of 512 done! Time = 12.6177 s
Job number 311 of 512 done! Time = 12.587 s
Job number 321 of 512 done! Time = 12.5886 s
Job number 280 of 512 done! Time = 12.4439 s
Job number 372 of 512 done! Time = 13.1771 s
Job number 362 of 512 done! Time = 13.0841 s
Job number 352 of 512 done! Time = 13.075 s
Job number 342 of 512 done! Time = 13.1275 s
Job number 392 of 512 done! Time = 12.6074 s
Job number 382 of 512 done! Time = 13.1157 s
Job number 332 of 512 done! Time = 13.3081 s
Job number 300 of 512 done! Time = 12.5012 s
Job number 290 of 512 done! Time = 12.5824 s
Job number 310 of 512 done! Time = 12.578 s
Job number 320 of 512 done! Time = 12.5729 s
Job number 279 of 512 done! Time = 12.4466 s
Job number 371 of 512 done! Time = 13.0982 s
Job number 361 of 512 done! Time = 13.0966 s
Job number 351 of 512 done! Time = 13.0927 s
Job number 341 of 512 done! Time = 13.2222 s
Job number 391 of 512 done! Time = 12.6834 s
Job number 299 of 512 done! Time = 12.5181 s
Job number 381 of 512 done! Time = 13.1932 s
Job number 331 of 512 done! Time = 13.3224 s
Job number 289 of 512 done! Time = 12.5845 s
Job number 309 of 512 done! Time = 12.5685 s
Job number 319 of 512 done! Time = 12.5864 s
Job number 278 of 512 done! Time = 12.4454 s
Job number 370 of 512 done! Time = 13.1715 s
Job number 360 of 512 done! Time = 13.1224 s
Job number 390 of 512 done! Time = 12.6775 s
Job number 340 of 512 done! Time = 13.122 s
Job number 298 of 512 done! Time = 12.5872 s
Job number 350 of 512 done! Time = 13.1273 s
Job number 380 of 512 done! Time = 13.1047 s
Job number 288 of 512 done! Time = 12.5942 s
Job number 308 of 512 done! Time = 12.5806 s
Job number 330 of 512 done! Time = 13.2686 s
Job number 318 of 512 done! Time = 12.5835 s
Job number 277 of 512 done! Time = 12.4576 s
Job number 369 of 512 done! Time = 13.1348 s
Job number 359 of 512 done! Time = 13.2211 s
Job number 389 of 512 done! Time = 12.6806 s
Job number 297 of 512 done! Time = 12.5754 s
Job number 287 of 512 done! Time = 12.5766 s
Job number 349 of 512 done! Time = 13.2102 s
Job number 339 of 512 done! Time = 13.1424 s
Job number 379 of 512 done! Time = 13.1246 s
Job number 307 of 512 done! Time = 12.5924 s
Job number 317 of 512 done! Time = 12.5423 s
Job number 329 of 512 done! Time = 13.2252 s
Job number 401 of 512 done! Time = 12.4376 s
Job number 368 of 512 done! Time = 13.1057 s
Job number 358 of 512 done! Time = 13.1297 s
Job number 388 of 512 done! Time = 12.7381 s
Job number 406 of 512 done! Time = 12.5669 s
Job number 411 of 512 done! Time = 12.6058 s
Job number 348 of 512 done! Time = 13.1201 s
Job number 416 of 512 done! Time = 12.5805 s
Job number 338 of 512 done! Time = 13.1781 s
Job number 378 of 512 done! Time = 13.2026 s
Job number 421 of 512 done! Time = 12.5889 s
Job number 328 of 512 done! Time = 13.184 s
Job number 400 of 512 done! Time = 12.4645 s
Job number 367 of 512 done! Time = 13.0657 s
Job number 387 of 512 done! Time = 12.7312 s
Job number 405 of 512 done! Time = 12.5948 s
Job number 357 of 512 done! Time = 13.1221 s
Job number 410 of 512 done! Time = 12.6135 s
Job number 347 of 512 done! Time = 13.1395 s
Job number 415 of 512 done! Time = 12.5882 s
Job number 337 of 512 done! Time = 13.2028 s
Job number 420 of 512 done! Time = 12.5792 s
Job number 377 of 512 done! Time = 13.1831 s
Job number 327 of 512 done! Time = 13.2526 s
Job number 399 of 512 done! Time = 12.4769 s
Job number 409 of 512 done! Time = 12.5693 s
Job number 456 of 512 done! Time = 12.5698 s
Job number 404 of 512 done! Time = 12.63 s
Job number 426 of 512 done! Time = 13.13 s
Job number 431 of 512 done! Time = 13.1131 s
Job number 441 of 512 done! Time = 13.0574 s
Job number 414 of 512 done! Time = 12.6713 s
Job number 436 of 512 done! Time = 13.3434 s
Job number 419 of 512 done! Time = 12.6396 s
Job number 451 of 512 done! Time = 13.3572 s
Job number 446 of 512 done! Time = 13.2346 s
Job number 398 of 512 done! Time = 12.4467 s
Job number 455 of 512 done! Time = 12.7871 s
Job number 403 of 512 done! Time = 12.597 s
Job number 408 of 512 done! Time = 12.5953 s
Job number 425 of 512 done! Time = 13.1564 s
Job number 430 of 512 done! Time = 13.1487 s
Job number 413 of 512 done! Time = 12.5842 s
Job number 418 of 512 done! Time = 12.5889 s
Job number 440 of 512 done! Time = 13.1211 s
Job number 435 of 512 done! Time = 13.2487 s
Job number 450 of 512 done! Time = 13.4012 s
Job number 445 of 512 done! Time = 13.2518 s
Job number 397 of 512 done! Time = 12.4479 s
Job number 407 of 512 done! Time = 12.6069 s
Job number 454 of 512 done! Time = 12.6755 s
Job number 402 of 512 done! Time = 12.5953 s
Job number 424 of 512 done! Time = 13.1075 s
Job number 429 of 512 done! Time = 13.1871 s
Job number 412 of 512 done! Time = 12.5828 s
Job number 417 of 512 done! Time = 12.6318 s
Job number 439 of 512 done! Time = 13.0435 s
Job number 434 of 512 done! Time = 13.1609 s
Job number 449 of 512 done! Time = 13.1976 s
Job number 444 of 512 done! Time = 13.2299 s
Job number 459 of 512 done! Time = 12.5081 s
Job number 453 of 512 done! Time = 12.7714 s
Job number 462 of 512 done! Time = 12.5833 s
Job number 465 of 512 done! Time = 12.5984 s
Job number 468 of 512 done! Time = 12.6052 s
Job number 423 of 512 done! Time = 13.11 s
Job number 428 of 512 done! Time = 13.0958 s
Job number 471 of 512 done! Time = 12.6584 s
Job number 438 of 512 done! Time = 13.1162 s
Job number 433 of 512 done! Time = 13.1346 s
Job number 448 of 512 done! Time = 13.4754 s
Job number 443 of 512 done! Time = 13.5358 s
Job number 458 of 512 done! Time = 12.4908 s
Job number 452 of 512 done! Time = 12.6331 s
Job number 461 of 512 done! Time = 12.5568 s
Job number 464 of 512 done! Time = 12.5801 s
Job number 467 of 512 done! Time = 12.5765 s
Job number 422 of 512 done! Time = 13.0678 s
Job number 427 of 512 done! Time = 13.1445 s
Job number 470 of 512 done! Time = 12.6092 s
Job number 437 of 512 done! Time = 13.1001 s
Job number 432 of 512 done! Time = 13.1119 s
Job number 447 of 512 done! Time = 13.4157 s
Job number 442 of 512 done! Time = 13.4136 s
Job number 457 of 512 done! Time = 12.4355 s
Job number 460 of 512 done! Time = 12.5855 s
Job number 463 of 512 done! Time = 12.5954 s
Job number 480 of 512 done! Time = 12.5802 s
Job number 466 of 512 done! Time = 12.5705 s
Job number 474 of 512 done! Time = 13.15 s
Job number 469 of 512 done! Time = 12.6376 s
Job number 477 of 512 done! Time = 13.1842 s
Job number 486 of 512 done! Time = 13.3388 s
Job number 483 of 512 done! Time = 13.1472 s
Job number 489 of 512 done! Time = 13.2623 s
Job number 492 of 512 done! Time = 13.3488 s
Job number 493 of 512 done! Time = 12.471 s
Job number 494 of 512 done! Time = 12.6544 s
Job number 495 of 512 done! Time = 12.6161 s
Job number 479 of 512 done! Time = 12.6106 s
Job number 496 of 512 done! Time = 12.5603 s
Job number 473 of 512 done! Time = 13.221 s
Job number 497 of 512 done! Time = 12.6855 s
Job number 476 of 512 done! Time = 13.2574 s
Job number 485 of 512 done! Time = 12.9903 s
Job number 482 of 512 done! Time = 13.234 s
Job number 488 of 512 done! Time = 13.2086 s
Job number 491 of 512 done! Time = 13.26 s
Job number 505 of 512 done! Time = 12.4765 s
Job number 506 of 512 done! Time = 12.4876 s
Job number 478 of 512 done! Time = 12.6226 s
Job number 507 of 512 done! Time = 12.6065 s
Job number 508 of 512 done! Time = 12.5428 s
Job number 509 of 512 done! Time = 12.5419 s
Job number 472 of 512 done! Time = 13.1085 s
Job number 484 of 512 done! Time = 13.0924 s
Job number 475 of 512 done! Time = 13.5168 s
Job number 481 of 512 done! Time = 13.2212 s
Job number 512 of 512 done! Time = 6.59018 s
Job number 487 of 512 done! Time = 13.2979 s
Job number 490 of 512 done! Time = 13.2006 s
Job number 510 of 512 done! Time = 12.4259 s
Job number 511 of 512 done! Time = 12.2314 s
Job number 498 of 512 done! Time = 12.3377 s
Job number 499 of 512 done! Time = 13.3024 s
Job number 500 of 512 done! Time = 13.0249 s
Job number 501 of 512 done! Time = 13.0854 s
Job number 502 of 512 done! Time = 12.7927 s
Job number 503 of 512 done! Time = 13.1614 s
Job number 504 of 512 done! Time = 12.9995 s
Parfor loop total time elapsed: 569.76 s, time per job: 1.11281 s
