MATLAB is selecting SOFTWARE OPENGL rendering.

                            < M A T L A B (R) >
                  Copyright 1984-2022 The MathWorks, Inc.
                  R2022b (9.13.0.2049777) 64-bit (glnxa64)
                              August 24, 2022

 
To get started, type doc.
For product information, visit www.mathworks.com.
 
Starting parallel pool (parpool) using the 'Processes' profile ...
Connected to the parallel pool (number of workers: 12).
Job number 1 of 200 done! Time = 7.4313 s
Job number 4 of 200 done! Time = 7.4406 s
Job number 5 of 200 done! Time = 7.44297 s
Job number 6 of 200 done! Time = 7.42492 s
Job number 7 of 200 done! Time = 7.40047 s
Job number 9 of 200 done! Time = 7.4256 s
Job number 10 of 200 done! Time = 7.38645 s
Job number 11 of 200 done! Time = 7.44131 s
Job number 12 of 200 done! Time = 7.41201 s
Job number 2 of 200 done! Time = 7.43867 s
Job number 3 of 200 done! Time = 7.44406 s
Job number 8 of 200 done! Time = 7.43818 s
Job number 20 of 200 done! Time = 0.739749 s
Job number 19 of 200 done! Time = 0.6834 s
Job number 28 of 200 done! Time = 0.76205 s
Job number 27 of 200 done! Time = 0.678302 s
Job number 36 of 200 done! Time = 0.781448 s
Job number 35 of 200 done! Time = 0.705712 s
Job number 44 of 200 done! Time = 0.795598 s
Job number 43 of 200 done! Time = 0.69933 s
Job number 52 of 200 done! Time = 0.742211 s
Job number 51 of 200 done! Time = 0.689492 s
Job number 60 of 200 done! Time = 0.744577 s
Job number 59 of 200 done! Time = 0.687218 s
Job number 68 of 200 done! Time = 0.792412 s
Job number 67 of 200 done! Time = 0.711854 s
Job number 76 of 200 done! Time = 0.767878 s
Job number 75 of 200 done! Time = 0.685184 s
Job number 84 of 200 done! Time = 0.744712 s
Job number 83 of 200 done! Time = 0.685769 s
Job number 92 of 200 done! Time = 0.800523 s
Job number 91 of 200 done! Time = 0.698114 s
Job number 100 of 200 done! Time = 0.744132 s
Job number 99 of 200 done! Time = 0.685524 s
Job number 108 of 200 done! Time = 0.750439 s
Job number 107 of 200 done! Time = 0.688104 s
Job number 18 of 200 done! Time = 0.603605 s
Job number 17 of 200 done! Time = 0.798754 s
Job number 26 of 200 done! Time = 0.60292 s
Job number 25 of 200 done! Time = 0.779543 s
Job number 34 of 200 done! Time = 0.612735 s
Job number 33 of 200 done! Time = 0.812431 s
Job number 42 of 200 done! Time = 0.614656 s
Job number 41 of 200 done! Time = 0.79944 s
Job number 50 of 200 done! Time = 0.604141 s
Job number 49 of 200 done! Time = 0.79003 s
Job number 58 of 200 done! Time = 0.604921 s
Job number 57 of 200 done! Time = 0.796179 s
Job number 66 of 200 done! Time = 0.609593 s
Job number 65 of 200 done! Time = 0.789724 s
Job number 74 of 200 done! Time = 0.603452 s
Job number 73 of 200 done! Time = 0.787643 s
Job number 82 of 200 done! Time = 0.60776 s
Job number 81 of 200 done! Time = 0.790539 s
Job number 90 of 200 done! Time = 0.61345 s
Job number 89 of 200 done! Time = 0.794484 s
Job number 98 of 200 done! Time = 0.604008 s
Job number 97 of 200 done! Time = 0.78581 s
Job number 106 of 200 done! Time = 0.607555 s
Job number 105 of 200 done! Time = 0.794652 s
Job number 16 of 200 done! Time = 0.59836 s
Job number 15 of 200 done! Time = 0.614266 s
Job number 24 of 200 done! Time = 0.594321 s
Job number 23 of 200 done! Time = 0.624022 s
Job number 32 of 200 done! Time = 0.608548 s
Job number 31 of 200 done! Time = 0.621966 s
Job number 40 of 200 done! Time = 0.611295 s
Job number 39 of 200 done! Time = 0.608621 s
Job number 48 of 200 done! Time = 0.59809 s
Job number 47 of 200 done! Time = 0.615478 s
Job number 56 of 200 done! Time = 0.610041 s
Job number 55 of 200 done! Time = 0.610976 s
Job number 64 of 200 done! Time = 0.601161 s
Job number 63 of 200 done! Time = 0.642551 s
Job number 72 of 200 done! Time = 0.594519 s
Job number 71 of 200 done! Time = 0.598046 s
Job number 80 of 200 done! Time = 0.595373 s
Job number 79 of 200 done! Time = 0.615599 s
Job number 88 of 200 done! Time = 0.609024 s
Job number 87 of 200 done! Time = 0.620052 s
Job number 96 of 200 done! Time = 0.595452 s
Job number 95 of 200 done! Time = 0.600224 s
Job number 104 of 200 done! Time = 0.599596 s
Job number 103 of 200 done! Time = 0.612729 s
Job number 14 of 200 done! Time = 0.61302 s
Job number 13 of 200 done! Time = 0.611054 s
Job number 22 of 200 done! Time = 0.611341 s
Job number 21 of 200 done! Time = 0.600022 s
Job number 30 of 200 done! Time = 0.618299 s
Job number 29 of 200 done! Time = 0.627404 s
Job number 38 of 200 done! Time = 0.600795 s
Job number 37 of 200 done! Time = 0.606833 s
Job number 46 of 200 done! Time = 0.61283 s
Job number 45 of 200 done! Time = 0.60634 s
Job number 54 of 200 done! Time = 0.604583 s
Job number 53 of 200 done! Time = 0.611156 s
Job number 62 of 200 done! Time = 0.616277 s
Job number 61 of 200 done! Time = 0.612056 s
Job number 70 of 200 done! Time = 0.60146 s
Job number 69 of 200 done! Time = 0.604962 s
Job number 78 of 200 done! Time = 0.606986 s
Job number 77 of 200 done! Time = 0.608025 s
Job number 86 of 200 done! Time = 0.617134 s
Job number 85 of 200 done! Time = 0.625536 s
Job number 94 of 200 done! Time = 0.590607 s
Job number 93 of 200 done! Time = 0.602178 s
Job number 102 of 200 done! Time = 0.601229 s
Job number 101 of 200 done! Time = 0.603981 s
Job number 128 of 200 done! Time = 0.600342 s
Job number 127 of 200 done! Time = 0.599182 s
Job number 148 of 200 done! Time = 0.596524 s
Job number 147 of 200 done! Time = 0.610714 s
Job number 136 of 200 done! Time = 0.619156 s
Job number 135 of 200 done! Time = 0.623379 s
Job number 124 of 200 done! Time = 0.604423 s
Job number 123 of 200 done! Time = 0.610806 s
Job number 120 of 200 done! Time = 0.612538 s
Job number 119 of 200 done! Time = 0.61643 s
Job number 112 of 200 done! Time = 0.605002 s
Job number 111 of 200 done! Time = 0.636335 s
Job number 156 of 200 done! Time = 0.608526 s
Job number 155 of 200 done! Time = 0.628271 s
Job number 140 of 200 done! Time = 0.614622 s
Job number 139 of 200 done! Time = 0.637124 s
Job number 132 of 200 done! Time = 0.611652 s
Job number 131 of 200 done! Time = 0.607993 s
Job number 144 of 200 done! Time = 0.620318 s
Job number 143 of 200 done! Time = 0.612845 s
Job number 116 of 200 done! Time = 0.617633 s
Job number 115 of 200 done! Time = 0.631755 s
Job number 152 of 200 done! Time = 0.599467 s
Job number 151 of 200 done! Time = 0.611895 s
Job number 126 of 200 done! Time = 0.595087 s
Job number 125 of 200 done! Time = 0.580564 s
Job number 168 of 200 done! Time = 0.589286 s
Job number 167 of 200 done! Time = 0.594388 s
Job number 146 of 200 done! Time = 0.58132 s
Job number 145 of 200 done! Time = 0.588173 s
Job number 134 of 200 done! Time = 0.61042 s
Job number 133 of 200 done! Time = 0.61653 s
Job number 122 of 200 done! Time = 0.594482 s
Job number 121 of 200 done! Time = 0.598928 s
Job number 118 of 200 done! Time = 0.608137 s
Job number 117 of 200 done! Time = 0.604439 s
Job number 160 of 200 done! Time = 0.589147 s
Job number 159 of 200 done! Time = 0.585459 s
Job number 110 of 200 done! Time = 0.602923 s
Job number 109 of 200 done! Time = 0.608233 s
Job number 154 of 200 done! Time = 0.60615 s
Job number 153 of 200 done! Time = 0.603857 s
Job number 138 of 200 done! Time = 0.608409 s
Job number 137 of 200 done! Time = 0.609229 s
Job number 130 of 200 done! Time = 0.599506 s
Job number 129 of 200 done! Time = 0.604154 s
Job number 164 of 200 done! Time = 0.590005 s
Job number 163 of 200 done! Time = 0.587691 s
Job number 142 of 200 done! Time = 0.5879 s
Job number 141 of 200 done! Time = 0.60691 s
Job number 114 of 200 done! Time = 0.619569 s
Job number 113 of 200 done! Time = 0.600577 s
Job number 150 of 200 done! Time = 0.602067 s
Job number 149 of 200 done! Time = 0.592306 s
Job number 166 of 200 done! Time = 0.597728 s
Job number 165 of 200 done! Time = 0.59821 s
Job number 181 of 200 done! Time = 0.5983 s
Job number 174 of 200 done! Time = 0.59709 s
Job number 173 of 200 done! Time = 0.600633 s
Job number 178 of 200 done! Time = 0.60765 s
Job number 177 of 200 done! Time = 0.596622 s
Job number 172 of 200 done! Time = 0.590467 s
Job number 171 of 200 done! Time = 0.592211 s
Job number 184 of 200 done! Time = 0.593587 s
Job number 170 of 200 done! Time = 0.587816 s
Job number 169 of 200 done! Time = 0.589422 s
Job number 176 of 200 done! Time = 0.591636 s
Job number 175 of 200 done! Time = 0.594953 s
Job number 162 of 200 done! Time = 0.589586 s
Job number 161 of 200 done! Time = 0.588169 s
Job number 183 of 200 done! Time = 0.58621 s
Job number 180 of 200 done! Time = 0.601626 s
Job number 179 of 200 done! Time = 0.608955 s
Job number 158 of 200 done! Time = 0.59444 s
Job number 157 of 200 done! Time = 0.591336 s
Job number 182 of 200 done! Time = 0.606071 s
Job number 187 of 200 done! Time = 0.598797 s
Job number 192 of 200 done! Time = 0.60196 s
Job number 188 of 200 done! Time = 0.590872 s
Job number 200 of 200 done! Time = 0.444032 s
Job number 189 of 200 done! Time = 0.586934 s
Job number 190 of 200 done! Time = 0.593614 s
Job number 186 of 200 done! Time = 0.594175 s
Job number 191 of 200 done! Time = 0.613525 s
Job number 185 of 200 done! Time = 0.588982 s
Job number 193 of 200 done! Time = 0.601814 s
Job number 199 of 200 done! Time = 0.692052 s
Job number 195 of 200 done! Time = 0.602193 s
Job number 197 of 200 done! Time = 0.693216 s
Job number 196 of 200 done! Time = 0.601107 s
Job number 198 of 200 done! Time = 0.598575 s
Job number 194 of 200 done! Time = 0.604985 s
Total time elapsed: 44.6362 s, time per job: [Warning: MATLAB has disabled some advanced graphics rendering features by
switching to software OpenGL. For more information, click <a
href="matlab:opengl('problems')">here</a>.] 
